<?xml version="1.0" encoding="UTF-8"?>
<testsuite name="TestSuite" time="851.009" tests="160" errors="0" skipped="0" failures="0">
  <properties>
[...]
</properties>
  <testcase name="createDifferentRLAssetsForRegression" classname="com.amc.testclasses.RLAssetCreation" time="846.303"/>
  <testcase name="validateAMCNID" classname="com.amc.testclasses.RLTestCasesForSeries" time="0.063"/>
  <testcase name="validateAlternativeTitleForAKA" classname="com.amc.testclasses.RLTestCasesForSeries" time="0.03"/>
  <testcase name="validateAlternativeTitleForLegal" classname="com.amc.testclasses.RLTestCasesForSeries" time="0.031"/>
  <testcase name="validateAlternativeTitleTypeForAKA" classname="com.amc.testclasses.RLTestCasesForSeries" time="0.027"/>
  <testcase name="validateAlternativeTitleTypeForLegalType" classname="com.amc.testclasses.RLTestCasesForSeries" time="0.033"/>
  <testcase name="validateAssetShowType" classname="com.amc.testclasses.RLTestCasesForSeries" time="0.03"/>
  <testcase name="validateAssetSource" classname="com.amc.testclasses.RLTestCasesForSeries" time="0.036"/>
  <testcase name="validateAssetTitle" classname="com.amc.testclasses.RLTestCasesForSeries" time="0.05"/>
  <testcase name="validateCastType" classname="com.amc.testclasses.RLTestCasesForSeries" time="0.034"/>
  <testcase name="validateFirstNameOfCastMember" classname="com.amc.testclasses.RLTestCasesForSeries" time="0.037"/>
  <testcase name="validateOrigin" classname="com.amc.testclasses.RLTestCasesForSeries" time="0.029"/>
  <testcase name="validateOwnerNetwork" classname="com.amc.testclasses.RLTestCasesForSeries" time="0.029"/>
  <testcase name="validateProductionMode" classname="com.amc.testclasses.RLTestCasesForSeries" time="0.029"/>
  <testcase name="validateTitleType" classname="com.amc.testclasses.RLTestCasesForSeries" time="0.027"/>
  <testcase name="validateTotalNumberOfEpisodes" classname="com.amc.testclasses.RLTestCasesForSeries" time="0.025"/>
  <testcase name="validateAMCNIDForOneOff" classname="com.amc.testclasses.RLTestCasesForOneOff" time="0.034"/>
  <testcase name="validateAlternativeTitleForAKAForOneOff" classname="com.amc.testclasses.RLTestCasesForOneOff" time="0.029"/>
  <testcase name="validateAlternativeTitleForLegalForOneOff" classname="com.amc.testclasses.RLTestCasesForOneOff" time="0.026"/>
  <testcase name="validateAlternativeTitleTypeForAKAForOneOff" classname="com.amc.testclasses.RLTestCasesForOneOff" time="0.025"/>
  <testcase name="validateAlternativeTitleTypeForLegalTypeForOneOff" classname="com.amc.testclasses.RLTestCasesForOneOff" time="0.025"/>
  <testcase name="validateAssetShowTypeForOneOff" classname="com.amc.testclasses.RLTestCasesForOneOff" time="0.024"/>
  <testcase name="validateAssetSourceForOneOff" classname="com.amc.testclasses.RLTestCasesForOneOff" time="0.025"/>
  <testcase name="validateAssetTitleForOneOff" classname="com.amc.testclasses.RLTestCasesForOneOff" time="0.025"/>
  <testcase name="validateCastTypeForOneOff" classname="com.amc.testclasses.RLTestCasesForOneOff" time="0.025"/>
  <testcase name="validateFirstNameOfCastMemberForOneOff" classname="com.amc.testclasses.RLTestCasesForOneOff" time="0.039"/>
  <testcase name="validateOriginForOneOff" classname="com.amc.testclasses.RLTestCasesForOneOff" time="0.025"/>
  <testcase name="validateProductionCompanyForOneOff" classname="com.amc.testclasses.RLTestCasesForOneOff" time="0.028"/>
  <testcase name="validateProductionModeForOneOff" classname="com.amc.testclasses.RLTestCasesForOneOff" time="0.031"/>
  <testcase name="validateReleaseYearForOneOff" classname="com.amc.testclasses.RLTestCasesForOneOff" time="0.033"/>
  <testcase name="validateTRTForOneOff" classname="com.amc.testclasses.RLTestCasesForOneOff" time="0.027"/>
  <testcase name="validateTitleTypeForOneOff" classname="com.amc.testclasses.RLTestCasesForOneOff" time="0.025"/>
  <testcase name="validateAMCNIDForSpecial" classname="com.amc.testclasses.RLTestCasesForSpecial" time="0.021"/>
  <testcase name="validateAlternativeTitleForAKAForSpecial" classname="com.amc.testclasses.RLTestCasesForSpecial" time="0.024"/>
  <testcase name="validateAlternativeTitleForLegalForSpecial" classname="com.amc.testclasses.RLTestCasesForSpecial" time="0.025"/>
  <testcase name="validateAlternativeTitleTypeForAKAForSpecial" classname="com.amc.testclasses.RLTestCasesForSpecial" time="0.023"/>
  <testcase name="validateAlternativeTitleTypeForLegalTypeForSpecial" classname="com.amc.testclasses.RLTestCasesForSpecial" time="0.023"/>
  <testcase name="validateAssetShowTypeForSpecial" classname="com.amc.testclasses.RLTestCasesForSpecial" time="0.037"/>
  <testcase name="validateAssetSourceForSpecial" classname="com.amc.testclasses.RLTestCasesForSpecial" time="0.021"/>
  <testcase name="validateAssetTitleForSpecial" classname="com.amc.testclasses.RLTestCasesForSpecial" time="0.024"/>
  <testcase name="validateCastTypeForSpecial" classname="com.amc.testclasses.RLTestCasesForSpecial" time="0.024"/>
  <testcase name="validateFirstNameOfCastMemberForSpecial" classname="com.amc.testclasses.RLTestCasesForSpecial" time="0.024"/>
  <testcase name="validateOriginForSpecial" classname="com.amc.testclasses.RLTestCasesForSpecial" time="0.025"/>
  <testcase name="validateProductionCompanyForSpecial" classname="com.amc.testclasses.RLTestCasesForSpecial" time="0.025"/>
  <testcase name="validateProductionModeForSpecial" classname="com.amc.testclasses.RLTestCasesForSpecial" time="0.045"/>
  <testcase name="validateReleaseYearForSpecial" classname="com.amc.testclasses.RLTestCasesForSpecial" time="0.023"/>
  <testcase name="validateTRTForSpecial" classname="com.amc.testclasses.RLTestCasesForSpecial" time="0.025"/>
  <testcase name="validateTitleTypeForSpecial" classname="com.amc.testclasses.RLTestCasesForSpecial" time="0.025"/>
  <testcase name="validateAMCNIDForDemo" classname="com.amc.testclasses.RLTestCasesForDemo" time="0.036"/>
  <testcase name="validateAlternativeTitleForAKAForDemo" classname="com.amc.testclasses.RLTestCasesForDemo" time="0.024"/>
  <testcase name="validateAlternativeTitleForLegalForDemo" classname="com.amc.testclasses.RLTestCasesForDemo" time="0.024"/>
  <testcase name="validateAlternativeTitleTypeForAKAForDemo" classname="com.amc.testclasses.RLTestCasesForDemo" time="0.036"/>
  <testcase name="validateAlternativeTitleTypeForLegalTypeForDemo" classname="com.amc.testclasses.RLTestCasesForDemo" time="0.023"/>
  <testcase name="validateAssetShowTypeForDemo" classname="com.amc.testclasses.RLTestCasesForDemo" time="0.023"/>
  <testcase name="validateAssetSourceForDemo" classname="com.amc.testclasses.RLTestCasesForDemo" time="0.024"/>
  <testcase name="validateAssetTitleForDemo" classname="com.amc.testclasses.RLTestCasesForDemo" time="0.023"/>
  <testcase name="validateCastTypeForDemo" classname="com.amc.testclasses.RLTestCasesForDemo" time="0.022"/>
  <testcase name="validateFirstNameOfCastMemberForDemo" classname="com.amc.testclasses.RLTestCasesForDemo" time="0.023"/>
  <testcase name="validateOriginForDemo" classname="com.amc.testclasses.RLTestCasesForDemo" time="0.025"/>
  <testcase name="validateProductionCompanyForDemo" classname="com.amc.testclasses.RLTestCasesForDemo" time="0.043"/>
  <testcase name="validateProductionModeForDemo" classname="com.amc.testclasses.RLTestCasesForDemo" time="0.025"/>
  <testcase name="validateReleaseYearForDemo" classname="com.amc.testclasses.RLTestCasesForDemo" time="0.023"/>
  <testcase name="validateTRTForDemo" classname="com.amc.testclasses.RLTestCasesForDemo" time="0.024"/>
  <testcase name="validateTitleTypeForDemo" classname="com.amc.testclasses.RLTestCasesForDemo" time="0.024"/>
  <testcase name="validateAMCNIDForDocumentary" classname="com.amc.testclasses.RLTestCasesForDocumentary" time="0.021"/>
  <testcase name="validateAlternativeTitleForAKAForDocumentary" classname="com.amc.testclasses.RLTestCasesForDocumentary" time="0.044"/>
  <testcase name="validateAlternativeTitleForLegalForDocumentary" classname="com.amc.testclasses.RLTestCasesForDocumentary" time="0.023"/>
  <testcase name="validateAlternativeTitleTypeForAKAForDocumentary" classname="com.amc.testclasses.RLTestCasesForDocumentary" time="0.023"/>
  <testcase name="validateAlternativeTitleTypeForLegalTypeForDocumentary" classname="com.amc.testclasses.RLTestCasesForDocumentary" time="0.021"/>
  <testcase name="validateAssetShowTypeForDocumentary" classname="com.amc.testclasses.RLTestCasesForDocumentary" time="0.023"/>
  <testcase name="validateAssetSourceForDocumentary" classname="com.amc.testclasses.RLTestCasesForDocumentary" time="0.024"/>
  <testcase name="validateAssetTitleForDocumentary" classname="com.amc.testclasses.RLTestCasesForDocumentary" time="0.024"/>
  <testcase name="validateCastTypeForDocumentary" classname="com.amc.testclasses.RLTestCasesForDocumentary" time="0.039"/>
  <testcase name="validateFirstNameOfCastMemberForDocumentary" classname="com.amc.testclasses.RLTestCasesForDocumentary" time="0.04"/>
  <testcase name="validateOriginForDocumentary" classname="com.amc.testclasses.RLTestCasesForDocumentary" time="0.025"/>
  <testcase name="validateProductionCompanyForDocumentary" classname="com.amc.testclasses.RLTestCasesForDocumentary" time="0.025"/>
  <testcase name="validateProductionModeForDocumentary" classname="com.amc.testclasses.RLTestCasesForDocumentary" time="0.043"/>
  <testcase name="validateReleaseYearForDocumentary" classname="com.amc.testclasses.RLTestCasesForDocumentary" time="0.023"/>
  <testcase name="validateTRTForDocumentary" classname="com.amc.testclasses.RLTestCasesForDocumentary" time="0.024"/>
  <testcase name="validateTitleTypeForDocumentary" classname="com.amc.testclasses.RLTestCasesForDocumentary" time="0.023"/>
  <testcase name="validateAMCNIDForPilot" classname="com.amc.testclasses.RLTestCasesForPilot" time="0.021"/>
  <testcase name="validateAlternativeTitleForAKAForPilot" classname="com.amc.testclasses.RLTestCasesForPilot" time="0.022"/>
  <testcase name="validateAlternativeTitleForLegalForPilot" classname="com.amc.testclasses.RLTestCasesForPilot" time="0.042"/>
  <testcase name="validateAlternativeTitleTypeForAKAForPilot" classname="com.amc.testclasses.RLTestCasesForPilot" time="0.034"/>
  <testcase name="validateAlternativeTitleTypeForLegalTypeForPilot" classname="com.amc.testclasses.RLTestCasesForPilot" time="0.026"/>
  <testcase name="validateAssetShowTypeForPilot" classname="com.amc.testclasses.RLTestCasesForPilot" time="0.024"/>
  <testcase name="validateAssetSourceForPilot" classname="com.amc.testclasses.RLTestCasesForPilot" time="0.039"/>
  <testcase name="validateAssetTitleForPilot" classname="com.amc.testclasses.RLTestCasesForPilot" time="0.024"/>
  <testcase name="validateCastTypeForPilot" classname="com.amc.testclasses.RLTestCasesForPilot" time="0.027"/>
  <testcase name="validateFirstNameOfCastMemberForPilot" classname="com.amc.testclasses.RLTestCasesForPilot" time="0.023"/>
  <testcase name="validateOriginForPilot" classname="com.amc.testclasses.RLTestCasesForPilot" time="0.029"/>
  <testcase name="validateProductionCompanyForPilot" classname="com.amc.testclasses.RLTestCasesForPilot" time="0.023"/>
  <testcase name="validateProductionModeForPilot" classname="com.amc.testclasses.RLTestCasesForPilot" time="0.039"/>
  <testcase name="validateReleaseYearForPilot" classname="com.amc.testclasses.RLTestCasesForPilot" time="0.026"/>
  <testcase name="validateTRTForPilot" classname="com.amc.testclasses.RLTestCasesForPilot" time="0.032"/>
  <testcase name="validateTitleTypeForPilot" classname="com.amc.testclasses.RLTestCasesForPilot" time="0.041"/>
  <testcase name="validateAMCNIDForMadeForTV" classname="com.amc.testclasses.RLTestCasesForMadeForTV" time="0.021"/>
  <testcase name="validateAlternativeTitleForAKAForMadeForTV" classname="com.amc.testclasses.RLTestCasesForMadeForTV" time="0.022"/>
  <testcase name="validateAlternativeTitleForLegalForMadeForTV" classname="com.amc.testclasses.RLTestCasesForMadeForTV" time="0.023"/>
  <testcase name="validateAlternativeTitleTypeForAKAForMadeForTV" classname="com.amc.testclasses.RLTestCasesForMadeForTV" time="0.04"/>
  <testcase name="validateAlternativeTitleTypeForLegalTypeForMadeForTV" classname="com.amc.testclasses.RLTestCasesForMadeForTV" time="0.037"/>
  <testcase name="validateAssetShowTypeForMadeForTV" classname="com.amc.testclasses.RLTestCasesForMadeForTV" time="0.028"/>
  <testcase name="validateAssetSourceForMadeForTV" classname="com.amc.testclasses.RLTestCasesForMadeForTV" time="0.04"/>
  <testcase name="validateAssetTitleForMadeForTV" classname="com.amc.testclasses.RLTestCasesForMadeForTV" time="0.024"/>
  <testcase name="validateCastTypeForMadeForTV" classname="com.amc.testclasses.RLTestCasesForMadeForTV" time="0.023"/>
  <testcase name="validateFirstNameOfCastMemberForMadeForTV" classname="com.amc.testclasses.RLTestCasesForMadeForTV" time="0.023"/>
  <testcase name="validateOriginForMadeForTV" classname="com.amc.testclasses.RLTestCasesForMadeForTV" time="0.03"/>
  <testcase name="validateProductionCompanyForMadeForTV" classname="com.amc.testclasses.RLTestCasesForMadeForTV" time="0.041"/>
  <testcase name="validateProductionModeForMadeForTV" classname="com.amc.testclasses.RLTestCasesForMadeForTV" time="0.042"/>
  <testcase name="validateReleaseYearForMadeForTV" classname="com.amc.testclasses.RLTestCasesForMadeForTV" time="0.028"/>
  <testcase name="validateTRTForMadeForTV" classname="com.amc.testclasses.RLTestCasesForMadeForTV" time="0.032"/>
  <testcase name="validateTitleTypeForMadeForTV" classname="com.amc.testclasses.RLTestCasesForMadeForTV" time="0.023"/>
  <testcase name="validateAMCNIDForMusicPerformance" classname="com.amc.testclasses.RLTestCasesForMusicPerformance" time="0.022"/>
  <testcase name="validateAlternativeTitleForAKAForMusicPerformance" classname="com.amc.testclasses.RLTestCasesForMusicPerformance" time="0.022"/>
  <testcase name="validateAlternativeTitleForLegalForMusicPerformance" classname="com.amc.testclasses.RLTestCasesForMusicPerformance" time="0.038"/>
  <testcase name="validateAlternativeTitleTypeForAKAForMusicPerformance" classname="com.amc.testclasses.RLTestCasesForMusicPerformance" time="0.041"/>
  <testcase name="validateAlternativeTitleTypeForLegalTypeForMusicPerformance" classname="com.amc.testclasses.RLTestCasesForMusicPerformance" time="0.029"/>
  <testcase name="validateAssetShowTypeForMusicPerformance" classname="com.amc.testclasses.RLTestCasesForMusicPerformance" time="0.027"/>
  <testcase name="validateAssetSourceForMusicPerformance" classname="com.amc.testclasses.RLTestCasesForMusicPerformance" time="0.025"/>
  <testcase name="validateAssetTitleForMusicPerformance" classname="com.amc.testclasses.RLTestCasesForMusicPerformance" time="0.032"/>
  <testcase name="validateCastTypeForMusicPerformance" classname="com.amc.testclasses.RLTestCasesForMusicPerformance" time="0.04"/>
  <testcase name="validateFirstNameOfCastMemberForMusicPerformance" classname="com.amc.testclasses.RLTestCasesForMusicPerformance" time="0.041"/>
  <testcase name="validateOriginForMusicPerformance" classname="com.amc.testclasses.RLTestCasesForMusicPerformance" time="0.024"/>
  <testcase name="validateProductionCompanyForMusicPerformance" classname="com.amc.testclasses.RLTestCasesForMusicPerformance" time="0.04"/>
  <testcase name="validateProductionModeForMusicPerformance" classname="com.amc.testclasses.RLTestCasesForMusicPerformance" time="0.034"/>
  <testcase name="validateReleaseYearForMusicPerformance" classname="com.amc.testclasses.RLTestCasesForMusicPerformance" time="0.037"/>
  <testcase name="validateTRTForMusicPerformance" classname="com.amc.testclasses.RLTestCasesForMusicPerformance" time="0.029"/>
  <testcase name="validateTitleTypeForMusicPerformance" classname="com.amc.testclasses.RLTestCasesForMusicPerformance" time="0.042"/>
  <testcase name="validateAMCNIDForFeatureLength" classname="com.amc.testclasses.RLTestCasesForFeatureLength" time="0.021"/>
  <testcase name="validateAlternativeTitleForAKAForFeatureLength" classname="com.amc.testclasses.RLTestCasesForFeatureLength" time="0.036"/>
  <testcase name="validateAlternativeTitleForLegalForFeatureLength" classname="com.amc.testclasses.RLTestCasesForFeatureLength" time="0.038"/>
  <testcase name="validateAlternativeTitleTypeForAKAForFeatureLength" classname="com.amc.testclasses.RLTestCasesForFeatureLength" time="0.022"/>
  <testcase name="validateAlternativeTitleTypeForLegalTypeForFeatureLength" classname="com.amc.testclasses.RLTestCasesForFeatureLength" time="0.036"/>
  <testcase name="validateAssetShowTypeForFeatureLength" classname="com.amc.testclasses.RLTestCasesForFeatureLength" time="0.023"/>
  <testcase name="validateAssetSourceForFeatureLength" classname="com.amc.testclasses.RLTestCasesForFeatureLength" time="0.023"/>
  <testcase name="validateAssetTitleForFeatureLength" classname="com.amc.testclasses.RLTestCasesForFeatureLength" time="0.038"/>
  <testcase name="validateCastTypeForFeatureLength" classname="com.amc.testclasses.RLTestCasesForFeatureLength" time="0.019"/>
  <testcase name="validateFirstNameOfCastMemberForFeatureLength" classname="com.amc.testclasses.RLTestCasesForFeatureLength" time="0.033"/>
  <testcase name="validateOriginForFeatureLength" classname="com.amc.testclasses.RLTestCasesForFeatureLength" time="0.024"/>
  <testcase name="validateProductionCompanyForFeatureLength" classname="com.amc.testclasses.RLTestCasesForFeatureLength" time="0.045"/>
  <testcase name="validateProductionModeForFeatureLength" classname="com.amc.testclasses.RLTestCasesForFeatureLength" time="0.022"/>
  <testcase name="validateReleaseYearForFeatureLength" classname="com.amc.testclasses.RLTestCasesForFeatureLength" time="0.042"/>
  <testcase name="validateTRTForFeatureLength" classname="com.amc.testclasses.RLTestCasesForFeatureLength" time="0.043"/>
  <testcase name="validateTitleTypeForFeatureLength" classname="com.amc.testclasses.RLTestCasesForFeatureLength" time="0.058"/>
  <testcase name="validateAMCNIDForShortFilm" classname="com.amc.testclasses.RLTestCasesForShortFilm" time="0.021"/>
  <testcase name="validateAlternativeTitleForAKAForShortFilm" classname="com.amc.testclasses.RLTestCasesForShortFilm" time="0.026"/>
  <testcase name="validateAlternativeTitleForLegalForShortFilm" classname="com.amc.testclasses.RLTestCasesForShortFilm" time="0.022"/>
  <testcase name="validateAlternativeTitleTypeForAKAForShortFilm" classname="com.amc.testclasses.RLTestCasesForShortFilm" time="0.023"/>
  <testcase name="validateAlternativeTitleTypeForLegalTypeForShortFilm" classname="com.amc.testclasses.RLTestCasesForShortFilm" time="0.041"/>
  <testcase name="validateAssetShowTypeForShortFilm" classname="com.amc.testclasses.RLTestCasesForShortFilm" time="0.041"/>
  <testcase name="validateAssetSourceForShortFilm" classname="com.amc.testclasses.RLTestCasesForShortFilm" time="0.022"/>
  <testcase name="validateAssetTitleForShortFilm" classname="com.amc.testclasses.RLTestCasesForShortFilm" time="0.023"/>
  <testcase name="validateCastTypeForShortFilm" classname="com.amc.testclasses.RLTestCasesForShortFilm" time="0.023"/>
  <testcase name="validateFirstNameOfCastMemberForShortFilm" classname="com.amc.testclasses.RLTestCasesForShortFilm" time="0.036"/>
  <testcase name="validateOriginForShortFilm" classname="com.amc.testclasses.RLTestCasesForShortFilm" time="0.041"/>
  <testcase name="validateProductionCompanyForShortFilm" classname="com.amc.testclasses.RLTestCasesForShortFilm" time="0.024"/>
  <testcase name="validateProductionModeForShortFilm" classname="com.amc.testclasses.RLTestCasesForShortFilm" time="0.024"/>
  <testcase name="validateReleaseYearForShortFilm" classname="com.amc.testclasses.RLTestCasesForShortFilm" time="0.044"/>
  <testcase name="validateTRTForShortFilm" classname="com.amc.testclasses.RLTestCasesForShortFilm" time="0.023"/>
  <testcase name="validateTitleTypeForShortFilm" classname="com.amc.testclasses.RLTestCasesForShortFilm" time="0.04"/>
</testsuite>